[13:45:51.156 Verbose] - BuildManager - 一些路径是绝对路径。这可能会阻止 Live Unit Testing 生成到正确的位置。
[13:45:51.157 Verbose] - BuildManager - 属性 BaseOutputPath 通过以下方式计算得到“bin\”:
BaseOutputPath: 'bin\' @ C:\Program Files\dotnet\sdk\3.1.302\Sdks\Microsoft.NET.Sdk\targets\Microsoft.NET.DefaultOutputPaths.targets:31
[13:45:51.158 Verbose] - BuildManager - 属性 BaseIntermediateOutputPath 通过以下方式计算得到“D:\niutb_github\prorec\server\WebApiSenseWord\WebApiSenseWord\obj\”:
BaseIntermediateOutputPath: '$(MSBuildProjectDirectory)\$(BaseIntermediateOutputPath)' @ C:\Program Files\dotnet\sdk\3.1.302\Sdks\Microsoft.NET.Sdk.Publish\targets\Microsoft.NET.Sdk.Publish.targets:74
  MSBuildProjectDirectory: 'D:\niutb_github\prorec\server\WebApiSenseWord\WebApiSenseWord'
  BaseIntermediateOutputPath: 'obj\' @ C:\Program Files (x86)\Microsoft Visual Studio\2019\Enterprise\MSBuild\Current\Microsoft.Common.props:46
[13:45:51.158 Verbose] - BuildManager - 属性 IntermediateOutputPath 通过以下方式计算得到“obj\Debug\netcoreapp3.1\”:
IntermediateOutputPath: '$(IntermediateOutputPath)$(TargetFramework.ToLowerInvariant())\' @ C:\Program Files\dotnet\sdk\3.1.302\Sdks\Microsoft.NET.Sdk\targets\Microsoft.NET.TargetFrameworkInference.targets:185
  IntermediateOutputPath: '$(BaseIntermediateOutputPath)$(Configuration)\' @ C:\Program Files\dotnet\sdk\3.1.302\Sdks\Microsoft.NET.Sdk\targets\Microsoft.NET.DefaultOutputPaths.targets:39
    BaseIntermediateOutputPath: 'obj\' @ C:\Program Files (x86)\Microsoft Visual Studio\2019\Enterprise\MSBuild\Current\Microsoft.Common.props:46
    Configuration: 'Debug'
[13:45:51.158 Verbose] - BuildManager - 属性 OutputPath 通过以下方式计算得到“bin\Debug\netcoreapp3.1\”:
OutputPath: '$(OutputPath)$(TargetFramework.ToLowerInvariant())\' @ C:\Program Files\dotnet\sdk\3.1.302\Sdks\Microsoft.NET.Sdk\targets\Microsoft.NET.TargetFrameworkInference.targets:186
  OutputPath: '$(BaseOutputPath)$(Configuration)\' @ C:\Program Files\dotnet\sdk\3.1.302\Sdks\Microsoft.NET.Sdk\targets\Microsoft.NET.DefaultOutputPaths.targets:33
    BaseOutputPath: 'bin\' @ C:\Program Files\dotnet\sdk\3.1.302\Sdks\Microsoft.NET.Sdk\targets\Microsoft.NET.DefaultOutputPaths.targets:31
    Configuration: 'Debug'
[13:45:51.158 Verbose] - BuildManager - 属性 OutDir 通过以下方式计算得到“bin\Debug\netcoreapp3.1\”:
OutDir: '$(OutputPath)' @ C:\Program Files (x86)\Microsoft Visual Studio\2019\Enterprise\MSBuild\Current\Bin\Microsoft.Common.CurrentVersion.targets:193
  OutputPath: '$(OutputPath)$(TargetFramework.ToLowerInvariant())\' @ C:\Program Files\dotnet\sdk\3.1.302\Sdks\Microsoft.NET.Sdk\targets\Microsoft.NET.TargetFrameworkInference.targets:186
    OutputPath: '$(BaseOutputPath)$(Configuration)\' @ C:\Program Files\dotnet\sdk\3.1.302\Sdks\Microsoft.NET.Sdk\targets\Microsoft.NET.DefaultOutputPaths.targets:33
      BaseOutputPath: 'bin\' @ C:\Program Files\dotnet\sdk\3.1.302\Sdks\Microsoft.NET.Sdk\targets\Microsoft.NET.DefaultOutputPaths.targets:31
      Configuration: 'Debug'
